<?xml version="1.0" encoding="UTF-8"?>
<testsuite xmlns:xsi="http://www.w3.org/2001/XMLSchema-instance" xsi:noNamespaceSchemaLocation="https://maven.apache.org/surefire/maven-surefire-plugin/xsd/surefire-test-report-3.0.xsd" version="3.0" name="apiModules.apiTests" time="4.667" tests="7" errors="0" skipped="0" failures="1">
  <properties>
[...]
</properties>
  <testcase name="createAUserWithRandomNameAndJobTitle" classname="apiModules.apiTests" time="2.252">
    <system-out><![CDATA[Creating user with:
Name: Cherilyn
Job: Regional Healthcare Supervisor
Response received:
Name: Cherilyn
Job: Regional Healthcare Supervisor
ID: 770
]]></system-out>
  </testcase>
  <testcase name="listUsersAndStoreRandomId" classname="apiModules.apiTests" time="0.171">
    <system-out><![CDATA[User Details:
Email: george.bluth@reqres.in
First Name: George
Last Name: Bluth
Avatar: https://reqres.in/img/faces/1-image.jpg
--------------------------
User Details:
Email: janet.weaver@reqres.in
First Name: Janet
Last Name: Weaver
Avatar: https://reqres.in/img/faces/2-image.jpg
--------------------------
User Details:
Email: emma.wong@reqres.in
First Name: Emma
Last Name: Wong
Avatar: https://reqres.in/img/faces/3-image.jpg
--------------------------
User Details:
Email: eve.holt@reqres.in
First Name: Eve
Last Name: Holt
Avatar: https://reqres.in/img/faces/4-image.jpg
--------------------------
User Details:
Email: charles.morris@reqres.in
First Name: Charles
Last Name: Morris
Avatar: https://reqres.in/img/faces/5-image.jpg
--------------------------
User Details:
Email: tracey.ramos@reqres.in
First Name: Tracey
Last Name: Ramos
Avatar: https://reqres.in/img/faces/6-image.jpg
--------------------------
]]></system-out>
  </testcase>
  <testcase name="returnError404WhenSearchingForANonExistentUser" classname="apiModules.apiTests" time="0.085"/>
  <testcase name="updateUsersNameAndJobTitle" classname="apiModules.apiTests" time="0.534">
    <system-out><![CDATA[Patch response:
Name: morpheus
Job: zion resident
ID: null
]]></system-out>
  </testcase>
  <testcase name="validateAllPagesOfUsers" classname="apiModules.apiTests" time="0.23">
    <system-out><![CDATA[User Details:
Email: george.bluth@reqres.in
First Name: George
Last Name: Bluth
Avatar: https://reqres.in/img/faces/1-image.jpg
--------------------------
User Details:
Email: janet.weaver@reqres.in
First Name: Janet
Last Name: Weaver
Avatar: https://reqres.in/img/faces/2-image.jpg
--------------------------
User Details:
Email: emma.wong@reqres.in
First Name: Emma
Last Name: Wong
Avatar: https://reqres.in/img/faces/3-image.jpg
--------------------------
User Details:
Email: eve.holt@reqres.in
First Name: Eve
Last Name: Holt
Avatar: https://reqres.in/img/faces/4-image.jpg
--------------------------
User Details:
Email: charles.morris@reqres.in
First Name: Charles
Last Name: Morris
Avatar: https://reqres.in/img/faces/5-image.jpg
--------------------------
User Details:
Email: tracey.ramos@reqres.in
First Name: Tracey
Last Name: Ramos
Avatar: https://reqres.in/img/faces/6-image.jpg
--------------------------
User Details:
Email: michael.lawson@reqres.in
First Name: Michael
Last Name: Lawson
Avatar: https://reqres.in/img/faces/7-image.jpg
--------------------------
User Details:
Email: lindsay.ferguson@reqres.in
First Name: Lindsay
Last Name: Ferguson
Avatar: https://reqres.in/img/faces/8-image.jpg
--------------------------
User Details:
Email: tobias.funke@reqres.in
First Name: Tobias
Last Name: Funke
Avatar: https://reqres.in/img/faces/9-image.jpg
--------------------------
User Details:
Email: byron.fields@reqres.in
First Name: Byron
Last Name: Fields
Avatar: https://reqres.in/img/faces/10-image.jpg
--------------------------
User Details:
Email: george.edwards@reqres.in
First Name: George
Last Name: Edwards
Avatar: https://reqres.in/img/faces/11-image.jpg
--------------------------
User Details:
Email: rachel.howell@reqres.in
First Name: Rachel
Last Name: Howell
Avatar: https://reqres.in/img/faces/12-image.jpg
--------------------------
]]></system-out>
  </testcase>
  <testcase name="validateSpecificUserWithRandomId" classname="apiModules.apiTests" time="0.101">
    <system-out><![CDATA[User Details:
Email: tracey.ramos@reqres.in
First Name: Tracey
Last Name: Ramos
Avatar: https://reqres.in/img/faces/6-image.jpg
--------------------------
]]></system-out>
  </testcase>
  <testcase name="deleteTheCreatedAndUpdatedUser" classname="apiModules.apiTests" time="0.569">
    <failure message="org.hamcrest.Matcher.describeMismatch(Ljava/lang/Object;Lorg/hamcrest/Description;)V" type="java.lang.NoSuchMethodError"><![CDATA[java.lang.NoSuchMethodError: org.hamcrest.Matcher.describeMismatch(Ljava/lang/Object;Lorg/hamcrest/Description;)V
	at io.restassured.internal.util.MatcherErrorMessageBuilder.buildError(MatcherErrorMessageBuilder.java:35)
	at io.restassured.internal.util.MatcherErrorMessageBuilder$buildError.call(Unknown Source)
	at org.codehaus.groovy.runtime.callsite.CallSiteArray.defaultCall(CallSiteArray.java:45)
	at org.codehaus.groovy.runtime.callsite.AbstractCallSite.call(AbstractCallSite.java:125)
	at org.codehaus.groovy.runtime.callsite.AbstractCallSite.call(AbstractCallSite.java:148)
	at io.restassured.internal.ResponseSpecificationImpl$HamcrestAssertionClosure.validateStatusCodeAndStatusLine(ResponseSpecificationImpl.groovy:569)
	at io.restassured.internal.ResponseSpecificationImpl$HamcrestAssertionClosure.this$2$validateStatusCodeAndStatusLine(ResponseSpecificationImpl.groovy)
	at java.base/jdk.internal.reflect.NativeMethodAccessorImpl.invoke0(Native Method)
	at java.base/jdk.internal.reflect.NativeMethodAccessorImpl.invoke(NativeMethodAccessorImpl.java:62)
	at java.base/jdk.internal.reflect.DelegatingMethodAccessorImpl.invoke(DelegatingMethodAccessorImpl.java:43)
	at java.base/java.lang.reflect.Method.invoke(Method.java:566)
	at org.codehaus.groovy.runtime.callsite.PlainObjectMetaMethodSite.doInvoke(PlainObjectMetaMethodSite.java:43)
	at org.codehaus.groovy.runtime.callsite.PogoMetaMethodSite$PogoCachedMethodSiteNoUnwrapNoCoerce.invoke(PogoMetaMethodSite.java:198)
	at org.codehaus.groovy.runtime.callsite.PogoMetaMethodSite.callCurrent(PogoMetaMethodSite.java:62)
	at org.codehaus.groovy.runtime.callsite.AbstractCallSite.callCurrent(AbstractCallSite.java:185)
	at io.restassured.internal.ResponseSpecificationImpl$HamcrestAssertionClosure.validate(ResponseSpecificationImpl.groovy:490)
	at io.restassured.internal.ResponseSpecificationImpl$HamcrestAssertionClosure$validate$1.call(Unknown Source)
	at io.restassured.internal.ResponseSpecificationImpl.validateResponseIfRequired(ResponseSpecificationImpl.groovy:696)
	at io.restassured.internal.ResponseSpecificationImpl.this$2$validateResponseIfRequired(ResponseSpecificationImpl.groovy)
	at java.base/jdk.internal.reflect.NativeMethodAccessorImpl.invoke0(Native Method)
	at java.base/jdk.internal.reflect.NativeMethodAccessorImpl.invoke(NativeMethodAccessorImpl.java:62)
	at java.base/jdk.internal.reflect.DelegatingMethodAccessorImpl.invoke(DelegatingMethodAccessorImpl.java:43)
	at java.base/java.lang.reflect.Method.invoke(Method.java:566)
	at org.codehaus.groovy.runtime.callsite.PlainObjectMetaMethodSite.doInvoke(PlainObjectMetaMethodSite.java:43)
	at org.codehaus.groovy.runtime.callsite.PogoMetaMethodSite$PogoCachedMethodSiteNoUnwrapNoCoerce.invoke(PogoMetaMethodSite.java:198)
	at org.codehaus.groovy.runtime.callsite.PogoMetaMethodSite.callCurrent(PogoMetaMethodSite.java:62)
	at org.codehaus.groovy.runtime.callsite.AbstractCallSite.callCurrent(AbstractCallSite.java:185)
	at io.restassured.internal.ResponseSpecificationImpl.statusCode(ResponseSpecificationImpl.groovy:135)
	at io.restassured.specification.ResponseSpecification$statusCode$0.callCurrent(Unknown Source)
	at io.restassured.internal.ResponseSpecificationImpl.statusCode(ResponseSpecificationImpl.groovy:143)
	at io.restassured.internal.ValidatableResponseOptionsImpl.statusCode(ValidatableResponseOptionsImpl.java:89)
	at apiModules.apiTests.deleteTheCreatedAndUpdatedUser(apiTests.java:230)
	at java.base/jdk.internal.reflect.NativeMethodAccessorImpl.invoke0(Native Method)
	at java.base/jdk.internal.reflect.NativeMethodAccessorImpl.invoke(NativeMethodAccessorImpl.java:62)
	at java.base/jdk.internal.reflect.DelegatingMethodAccessorImpl.invoke(DelegatingMethodAccessorImpl.java:43)
	at java.base/java.lang.reflect.Method.invoke(Method.java:566)
	at org.testng.internal.MethodInvocationHelper.invokeMethod(MethodInvocationHelper.java:134)
	at org.testng.internal.TestInvoker.invokeMethod(TestInvoker.java:597)
	at org.testng.internal.TestInvoker.invokeTestMethod(TestInvoker.java:173)
	at org.testng.internal.MethodRunner.runInSequence(MethodRunner.java:46)
	at org.testng.internal.TestInvoker$MethodInvocationAgent.invoke(TestInvoker.java:816)
	at org.testng.internal.TestInvoker.invokeTestMethods(TestInvoker.java:146)
	at org.testng.internal.TestMethodWorker.invokeTestMethods(TestMethodWorker.java:146)
	at org.testng.internal.TestMethodWorker.run(TestMethodWorker.java:128)
	at java.base/java.util.ArrayList.forEach(ArrayList.java:1541)
	at org.testng.TestRunner.privateRun(TestRunner.java:766)
	at org.testng.TestRunner.run(TestRunner.java:587)
	at org.testng.SuiteRunner.runTest(SuiteRunner.java:384)
	at org.testng.SuiteRunner.runSequentially(SuiteRunner.java:378)
	at org.testng.SuiteRunner.privateRun(SuiteRunner.java:337)
	at org.testng.SuiteRunner.run(SuiteRunner.java:286)
	at org.testng.SuiteRunnerWorker.runSuite(SuiteRunnerWorker.java:53)
	at org.testng.SuiteRunnerWorker.run(SuiteRunnerWorker.java:96)
	at org.testng.TestNG.runSuitesSequentially(TestNG.java:1187)
	at org.testng.TestNG.runSuitesLocally(TestNG.java:1109)
	at org.testng.TestNG.runSuites(TestNG.java:1039)
	at org.testng.TestNG.run(TestNG.java:1007)
	at org.apache.maven.surefire.testng.TestNGExecutor.run(TestNGExecutor.java:155)
	at org.apache.maven.surefire.testng.TestNGDirectoryTestSuite.executeSingleClass(TestNGDirectoryTestSuite.java:102)
	at org.apache.maven.surefire.testng.TestNGDirectoryTestSuite.execute(TestNGDirectoryTestSuite.java:91)
	at org.apache.maven.surefire.testng.TestNGProvider.invoke(TestNGProvider.java:137)
	at org.apache.maven.surefire.booter.ForkedBooter.runSuitesInProcess(ForkedBooter.java:385)
	at org.apache.maven.surefire.booter.ForkedBooter.execute(ForkedBooter.java:162)
	at org.apache.maven.surefire.booter.ForkedBooter.run(ForkedBooter.java:507)
	at org.apache.maven.surefire.booter.ForkedBooter.main(ForkedBooter.java:495)
]]></failure>
  </testcase>
</testsuite>