<?xml version="1.0" encoding="UTF-8"?>
<testng-results ignored="0" total="7" passed="6" failed="1" skipped="0">
  <reporter-output>
  </reporter-output>
  <suite started-at="2025-03-05T15:28:22 BRT" name="Surefire suite" finished-at="2025-03-05T15:28:27 BRT" duration-ms="4281">
    <groups>
    </groups>
    <test started-at="2025-03-05T15:28:22 BRT" name="Surefire test" finished-at="2025-03-05T15:28:27 BRT" duration-ms="4281">
      <class name="apiModules.apiTests">
        <test-method is-config="true" signature="setup()[pri:0, instance:apiModules.apiTests@38425407]" started-at="2025-03-05T15:28:22 BRT" name="setup" finished-at="2025-03-05T15:28:23 BRT" duration-ms="312" status="PASS">
          <reporter-output>
          </reporter-output>
        </test-method> <!-- setup -->
        <test-method signature="createAUserWithRandomNameAndJobTitle()[pri:0, instance:apiModules.apiTests@38425407]" started-at="2025-03-05T15:28:23 BRT" name="createAUserWithRandomNameAndJobTitle" finished-at="2025-03-05T15:28:25 BRT" duration-ms="2250" status="PASS">
          <reporter-output>
          </reporter-output>
        </test-method> <!-- createAUserWithRandomNameAndJobTitle -->
        <test-method signature="listUsersAndStoreRandomId()[pri:0, instance:apiModules.apiTests@38425407]" started-at="2025-03-05T15:28:25 BRT" name="listUsersAndStoreRandomId" finished-at="2025-03-05T15:28:25 BRT" duration-ms="168" status="PASS">
          <reporter-output>
          </reporter-output>
        </test-method> <!-- listUsersAndStoreRandomId -->
        <test-method signature="returnError404WhenSearchingForANonExistentUser()[pri:0, instance:apiModules.apiTests@38425407]" started-at="2025-03-05T15:28:25 BRT" name="returnError404WhenSearchingForANonExistentUser" finished-at="2025-03-05T15:28:25 BRT" duration-ms="93" status="PASS">
          <reporter-output>
          </reporter-output>
        </test-method> <!-- returnError404WhenSearchingForANonExistentUser -->
        <test-method signature="updateUsersNameAndJobTitle()[pri:0, instance:apiModules.apiTests@38425407]" started-at="2025-03-05T15:28:25 BRT" name="updateUsersNameAndJobTitle" finished-at="2025-03-05T15:28:26 BRT" depends-on-methods="apiModules.apiTests.createAUserWithRandomNameAndJobTitle" duration-ms="533" status="PASS">
          <reporter-output>
          </reporter-output>
        </test-method> <!-- updateUsersNameAndJobTitle -->
        <test-method signature="validateAllPagesOfUsers()[pri:0, instance:apiModules.apiTests@38425407]" started-at="2025-03-05T15:28:26 BRT" name="validateAllPagesOfUsers" finished-at="2025-03-05T15:28:26 BRT" depends-on-methods="apiModules.apiTests.listUsersAndStoreRandomId" duration-ms="222" status="PASS">
          <reporter-output>
          </reporter-output>
        </test-method> <!-- validateAllPagesOfUsers -->
        <test-method signature="validateSpecificUserWithRandomId()[pri:0, instance:apiModules.apiTests@38425407]" started-at="2025-03-05T15:28:26 BRT" name="validateSpecificUserWithRandomId" finished-at="2025-03-05T15:28:26 BRT" depends-on-methods="apiModules.apiTests.listUsersAndStoreRandomId" duration-ms="108" status="PASS">
          <reporter-output>
          </reporter-output>
        </test-method> <!-- validateSpecificUserWithRandomId -->
        <test-method signature="deleteTheCreatedAndUpdatedUser()[pri:0, instance:apiModules.apiTests@38425407]" started-at="2025-03-05T15:28:26 BRT" name="deleteTheCreatedAndUpdatedUser" finished-at="2025-03-05T15:28:27 BRT" depends-on-methods="apiModules.apiTests.updateUsersNameAndJobTitle" duration-ms="565" status="FAIL">
          <exception class="java.lang.NoSuchMethodError">
            <message>
              <![CDATA[org.hamcrest.Matcher.describeMismatch(Ljava/lang/Object;Lorg/hamcrest/Description;)V]]>
            </message>
            <full-stacktrace>
              <![CDATA[java.lang.NoSuchMethodError: org.hamcrest.Matcher.describeMismatch(Ljava/lang/Object;Lorg/hamcrest/Description;)V
at io.restassured.internal.util.MatcherErrorMessageBuilder.buildError(MatcherErrorMessageBuilder.java:35)
at io.restassured.internal.util.MatcherErrorMessageBuilder$buildError.call(Unknown Source)
at org.codehaus.groovy.runtime.callsite.CallSiteArray.defaultCall(CallSiteArray.java:45)
at org.codehaus.groovy.runtime.callsite.AbstractCallSite.call(AbstractCallSite.java:125)
at org.codehaus.groovy.runtime.callsite.AbstractCallSite.call(AbstractCallSite.java:148)
at io.restassured.internal.ResponseSpecificationImpl$HamcrestAssertionClosure.validateStatusCodeAndStatusLine(ResponseSpecificationImpl.groovy:569)
at io.restassured.internal.ResponseSpecificationImpl$HamcrestAssertionClosure.this$2$validateStatusCodeAndStatusLine(ResponseSpecificationImpl.groovy)
at java.base/jdk.internal.reflect.NativeMethodAccessorImpl.invoke0(Native Method)
at java.base/jdk.internal.reflect.NativeMethodAccessorImpl.invoke(NativeMethodAccessorImpl.java:62)
at java.base/jdk.internal.reflect.DelegatingMethodAccessorImpl.invoke(DelegatingMethodAccessorImpl.java:43)
at java.base/java.lang.reflect.Method.invoke(Method.java:566)
at org.codehaus.groovy.runtime.callsite.PlainObjectMetaMethodSite.doInvoke(PlainObjectMetaMethodSite.java:43)
at org.codehaus.groovy.runtime.callsite.PogoMetaMethodSite$PogoCachedMethodSiteNoUnwrapNoCoerce.invoke(PogoMetaMethodSite.java:198)
at org.codehaus.groovy.runtime.callsite.PogoMetaMethodSite.callCurrent(PogoMetaMethodSite.java:62)
at org.codehaus.groovy.runtime.callsite.AbstractCallSite.callCurrent(AbstractCallSite.java:185)
at io.restassured.internal.ResponseSpecificationImpl$HamcrestAssertionClosure.validate(ResponseSpecificationImpl.groovy:490)
at io.restassured.internal.ResponseSpecificationImpl$HamcrestAssertionClosure$validate$1.call(Unknown Source)
at io.restassured.internal.ResponseSpecificationImpl.validateResponseIfRequired(ResponseSpecificationImpl.groovy:696)
at io.restassured.internal.ResponseSpecificationImpl.this$2$validateResponseIfRequired(ResponseSpecificationImpl.groovy)
at java.base/jdk.internal.reflect.NativeMethodAccessorImpl.invoke0(Native Method)
at java.base/jdk.internal.reflect.NativeMethodAccessorImpl.invoke(NativeMethodAccessorImpl.java:62)
at java.base/jdk.internal.reflect.DelegatingMethodAccessorImpl.invoke(DelegatingMethodAccessorImpl.java:43)
at java.base/java.lang.reflect.Method.invoke(Method.java:566)
at org.codehaus.groovy.runtime.callsite.PlainObjectMetaMethodSite.doInvoke(PlainObjectMetaMethodSite.java:43)
at org.codehaus.groovy.runtime.callsite.PogoMetaMethodSite$PogoCachedMethodSiteNoUnwrapNoCoerce.invoke(PogoMetaMethodSite.java:198)
at org.codehaus.groovy.runtime.callsite.PogoMetaMethodSite.callCurrent(PogoMetaMethodSite.java:62)
at org.codehaus.groovy.runtime.callsite.AbstractCallSite.callCurrent(AbstractCallSite.java:185)
at io.restassured.internal.ResponseSpecificationImpl.statusCode(ResponseSpecificationImpl.groovy:135)
at io.restassured.specification.ResponseSpecification$statusCode$0.callCurrent(Unknown Source)
at io.restassured.internal.ResponseSpecificationImpl.statusCode(ResponseSpecificationImpl.groovy:143)
at io.restassured.internal.ValidatableResponseOptionsImpl.statusCode(ValidatableResponseOptionsImpl.java:89)
at apiModules.apiTests.deleteTheCreatedAndUpdatedUser(apiTests.java:230)
at java.base/jdk.internal.reflect.NativeMethodAccessorImpl.invoke0(Native Method)
at java.base/jdk.internal.reflect.NativeMethodAccessorImpl.invoke(NativeMethodAccessorImpl.java:62)
at java.base/jdk.internal.reflect.DelegatingMethodAccessorImpl.invoke(DelegatingMethodAccessorImpl.java:43)
at java.base/java.lang.reflect.Method.invoke(Method.java:566)
at org.testng.internal.MethodInvocationHelper.invokeMethod(MethodInvocationHelper.java:134)
at org.testng.internal.TestInvoker.invokeMethod(TestInvoker.java:597)
at org.testng.internal.TestInvoker.invokeTestMethod(TestInvoker.java:173)
at org.testng.internal.MethodRunner.runInSequence(MethodRunner.java:46)
at org.testng.internal.TestInvoker$MethodInvocationAgent.invoke(TestInvoker.java:816)
at org.testng.internal.TestInvoker.invokeTestMethods(TestInvoker.java:146)
at org.testng.internal.TestMethodWorker.invokeTestMethods(TestMethodWorker.java:146)
at org.testng.internal.TestMethodWorker.run(TestMethodWorker.java:128)
at java.base/java.util.ArrayList.forEach(ArrayList.java:1541)
at org.testng.TestRunner.privateRun(TestRunner.java:766)
at org.testng.TestRunner.run(TestRunner.java:587)
at org.testng.SuiteRunner.runTest(SuiteRunner.java:384)
at org.testng.SuiteRunner.runSequentially(SuiteRunner.java:378)
at org.testng.SuiteRunner.privateRun(SuiteRunner.java:337)
at org.testng.SuiteRunner.run(SuiteRunner.java:286)
at org.testng.SuiteRunnerWorker.runSuite(SuiteRunnerWorker.java:53)
at org.testng.SuiteRunnerWorker.run(SuiteRunnerWorker.java:96)
at org.testng.TestNG.runSuitesSequentially(TestNG.java:1187)
at org.testng.TestNG.runSuitesLocally(TestNG.java:1109)
at org.testng.TestNG.runSuites(TestNG.java:1039)
at org.testng.TestNG.run(TestNG.java:1007)
at org.apache.maven.surefire.testng.TestNGExecutor.run(TestNGExecutor.java:155)
at org.apache.maven.surefire.testng.TestNGDirectoryTestSuite.executeSingleClass(TestNGDirectoryTestSuite.java:102)
at org.apache.maven.surefire.testng.TestNGDirectoryTestSuite.execute(TestNGDirectoryTestSuite.java:91)
at org.apache.maven.surefire.testng.TestNGProvider.invoke(TestNGProvider.java:137)
at org.apache.maven.surefire.booter.ForkedBooter.runSuitesInProcess(ForkedBooter.java:385)
at org.apache.maven.surefire.booter.ForkedBooter.execute(ForkedBooter.java:162)
at org.apache.maven.surefire.booter.ForkedBooter.run(ForkedBooter.java:507)
at org.apache.maven.surefire.booter.ForkedBooter.main(ForkedBooter.java:495)
]]>
            </full-stacktrace>
          </exception> <!-- java.lang.NoSuchMethodError -->
          <reporter-output>
          </reporter-output>
        </test-method> <!-- deleteTheCreatedAndUpdatedUser -->
      </class> <!-- apiModules.apiTests -->
    </test> <!-- Surefire test -->
  </suite> <!-- Surefire suite -->
</testng-results>
